[I 2026-07-28 21:56:15,645] Trial 20 finished with value: 0.0 and parameters: {'n_updates': 23, 'episodes_per_update': 9, 'telemetry_budget': 11, 'window_size': 32, 'w_tp': 0.9770804860160058, 'w_fn': 1.7013507373789374, 'w_fp': 1.0383525874586348, 'cql_alpha': 2.750470500223284, 'n_episodes_offline': 319, 'epochs': 23, 'behavior_epsilon': 0.2396949207061016}. Best is trial 11 with value: 0.7396090985796892.
C:\Users\MMASSAOUDI\AppData\Roaming\Python\Python313\site-packages\sklearn\linear_model\_logistic.py:406: ConvergenceWarning: lbfgs failed to converge after 200 iteration(s) (status=1):
STOP: TOTAL NO. OF ITERATIONS REACHED LIMIT

Increase the number of iterations to improve the convergence (max_iter=200).
You might also want to scale the data as shown in:
    https://scikit-learn.org/stable/modules/preprocessing.html
Please also refer to the documentation for alternative solver options:
    https://scikit-learn.org/stable/modules/linear_model.html#logistic-regression
  n_iter_i = _check_optimize_result(
[I 2026-07-28 21:56:54,696] Trial 21 finished with value: 0.7730670202608411 and parameters: {'n_updates': 15, 'episodes_per_update': 10, 'telemetry_budget': 12, 'window_size': 32, 'w_tp': 0.6110085516679683, 'w_fn': 1.0531112920205954, 'w_fp': 1.4199116896425026, 'cql_alpha': 2.7231871035339568, 'n_episodes_offline': 369, 'epochs': 25, 'behavior_epsilon': 0.15237296964590732}. Best is trial 21 with value: 0.7730670202608411.
C:\Users\MMASSAOUDI\AppData\Roaming\Python\Python313\site-packages\sklearn\linear_model\_logistic.py:406: ConvergenceWarning: lbfgs failed to converge after 200 iteration(s) (status=1):
STOP: TOTAL NO. OF ITERATIONS REACHED LIMIT

Increase the number of iterations to improve the convergence (max_iter=200).
You might also want to scale the data as shown in:
    https://scikit-learn.org/stable/modules/preprocessing.html
Please also refer to the documentation for alternative solver options:
    https://scikit-learn.org/stable/modules/linear_model.html#logistic-regression
  n_iter_i = _check_optimize_result(
[I 2026-07-28 21:57:34,644] Trial 22 finished with value: 0.0 and parameters: {'n_updates': 17, 'episodes_per_update': 10, 'telemetry_budget': 12, 'window_size': 32, 'w_tp': 0.660588134050162, 'w_fn': 0.995705053248253, 'w_fp': 1.5205106130660273, 'cql_alpha': 2.663351629728745, 'n_episodes_offline': 367, 'epochs': 25, 'behavior_epsilon': 0.15056723212625983}. Best is trial 21 with value: 0.7730670202608411.
C:\Users\MMASSAOUDI\AppData\Roaming\Python\Python313\site-packages\sklearn\linear_model\_logistic.py:406: ConvergenceWarning: lbfgs failed to converge after 200 iteration(s) (status=1):
STOP: TOTAL NO. OF ITERATIONS REACHED LIMIT

Increase the number of iterations to improve the convergence (max_iter=200).
You might also want to scale the data as shown in:
    https://scikit-learn.org/stable/modules/preprocessing.html
Please also refer to the documentation for alternative solver options:
    https://scikit-learn.org/stable/modules/linear_model.html#logistic-regression
  n_iter_i = _check_optimize_result(
[I 2026-07-28 21:58:12,872] Trial 23 finished with value: 0.0 and parameters: {'n_updates': 21, 'episodes_per_update': 12, 'telemetry_budget': 11, 'window_size': 32, 'w_tp': 0.6336470155254994, 'w_fn': 0.9173831840543722, 'w_fp': 0.849586313759562, 'cql_alpha': 2.336611821574632, 'n_episodes_offline': 363, 'epochs': 23, 'behavior_epsilon': 0.18988811502153383}. Best is trial 21 with value: 0.7730670202608411.
C:\Users\MMASSAOUDI\AppData\Roaming\Python\Python313\site-packages\sklearn\linear_model\_logistic.py:406: ConvergenceWarning: lbfgs failed to converge after 200 iteration(s) (status=1):
STOP: TOTAL NO. OF ITERATIONS REACHED LIMIT

Increase the number of iterations to improve the convergence (max_iter=200).
You might also want to scale the data as shown in:
    https://scikit-learn.org/stable/modules/preprocessing.html
Please also refer to the documentation for alternative solver options:
    https://scikit-learn.org/stable/modules/linear_model.html#logistic-regression
  n_iter_i = _check_optimize_result(
[I 2026-07-28 21:58:47,735] Trial 24 finished with value: 0.0 and parameters: {'n_updates': 17, 'episodes_per_update': 9, 'telemetry_budget': 12, 'window_size': 32, 'w_tp': 0.8908213178097809, 'w_fn': 2.337511854648473, 'w_fp': 1.1378863755075228, 'cql_alpha': 2.019158105590956, 'n_episodes_offline': 320, 'epochs': 24, 'behavior_epsilon': 0.18386146600087072}. Best is trial 21 with value: 0.7730670202608411.
Best value: 0.7730670202608411
Best params: {'n_updates': 15, 'episodes_per_update': 10, 'telemetry_budget': 12, 'window_size': 32, 'w_tp': 0.6110085516679683, 'w_fn': 1.0531112920205954, 'w_fp': 1.4199116896425026, 'cql_alpha': 2.7231871035339568, 'n_episodes_offline': 369, 'epochs': 25, 'behavior_epsilon': 0.15237296964590732}
Saved -> C:\Users\MMASSAOUDI\Desktop\research work\Alienware\Innovative paper 2\manifests\tuning_log_C3_OfflineSafeGraphRL_UNSW-NB15.json
