[I 2026-07-28 21:01:21,937] A new study created in memory with name: no-name-3626e3f9-b649-4941-8ece-274d270d25cd
C:\Users\MMASSAOUDI\AppData\Roaming\Python\Python313\site-packages\sklearn\linear_model\_logistic.py:406: ConvergenceWarning: lbfgs failed to converge after 200 iteration(s) (status=1):
STOP: TOTAL NO. OF ITERATIONS REACHED LIMIT

Increase the number of iterations to improve the convergence (max_iter=200).
You might also want to scale the data as shown in:
    https://scikit-learn.org/stable/modules/preprocessing.html
Please also refer to the documentation for alternative solver options:
    https://scikit-learn.org/stable/modules/linear_model.html#logistic-regression
  n_iter_i = _check_optimize_result(
[I 2026-07-28 21:02:38,539] Trial 0 finished with value: 0.0015751575157515751 and parameters: {'n_updates': 32, 'episodes_per_update': 13, 'telemetry_budget': 9, 'window_size': 128, 'w_tp': 1.1563808168940388, 'w_fn': 3.621205502737279, 'w_fp': 2.9091569012525733, 'cql_alpha': 1.2119804045947553, 'n_episodes_offline': 338, 'epochs': 17, 'behavior_epsilon': 0.3488155963828763}. Best is trial 0 with value: 0.0015751575157515751.
C:\Users\MMASSAOUDI\AppData\Roaming\Python\Python313\site-packages\sklearn\linear_model\_logistic.py:406: ConvergenceWarning: lbfgs failed to converge after 200 iteration(s) (status=1):
STOP: TOTAL NO. OF ITERATIONS REACHED LIMIT

Increase the number of iterations to improve the convergence (max_iter=200).
You might also want to scale the data as shown in:
    https://scikit-learn.org/stable/modules/preprocessing.html
Please also refer to the documentation for alternative solver options:
    https://scikit-learn.org/stable/modules/linear_model.html#logistic-regression
  n_iter_i = _check_optimize_result(
[I 2026-07-28 21:03:14,866] Trial 1 finished with value: 0.0 and parameters: {'n_updates': 43, 'episodes_per_update': 4, 'telemetry_budget': 4, 'window_size': 64, 'w_tp': 1.8050182223702287, 'w_fn': 3.925164197814674, 'w_fp': 2.497896410541809, 'cql_alpha': 1.4382901505335024, 'n_episodes_offline': 334, 'epochs': 10, 'behavior_epsilon': 0.3739723574646333}. Best is trial 0 with value: 0.0015751575157515751.
C:\Users\MMASSAOUDI\AppData\Roaming\Python\Python313\site-packages\sklearn\linear_model\_logistic.py:406: ConvergenceWarning: lbfgs failed to converge after 200 iteration(s) (status=1):
STOP: TOTAL NO. OF ITERATIONS REACHED LIMIT

Increase the number of iterations to improve the convergence (max_iter=200).
You might also want to scale the data as shown in:
    https://scikit-learn.org/stable/modules/preprocessing.html
Please also refer to the documentation for alternative solver options:
    https://scikit-learn.org/stable/modules/linear_model.html#logistic-regression
  n_iter_i = _check_optimize_result(
[I 2026-07-28 21:04:23,005] Trial 2 finished with value: 0.0 and parameters: {'n_updates': 19, 'episodes_per_update': 16, 'telemetry_budget': 8, 'window_size': 128, 'w_tp': 1.1842254983248228, 'w_fn': 2.48951882104027, 'w_fp': 0.5469745010908879, 'cql_alpha': 1.8911429415200436, 'n_episodes_offline': 284, 'epochs': 19, 'behavior_epsilon': 0.48031182748011847}. Best is trial 0 with value: 0.0015751575157515751.
C:\Users\MMASSAOUDI\AppData\Roaming\Python\Python313\site-packages\sklearn\linear_model\_logistic.py:406: ConvergenceWarning: lbfgs failed to converge after 200 iteration(s) (status=1):
STOP: TOTAL NO. OF ITERATIONS REACHED LIMIT

Increase the number of iterations to improve the convergence (max_iter=200).
You might also want to scale the data as shown in:
    https://scikit-learn.org/stable/modules/preprocessing.html
Please also refer to the documentation for alternative solver options:
    https://scikit-learn.org/stable/modules/linear_model.html#logistic-regression
  n_iter_i = _check_optimize_result(
[I 2026-07-28 21:04:40,994] Trial 3 finished with value: 0.011598746081504702 and parameters: {'n_updates': 36, 'episodes_per_update': 8, 'telemetry_budget': 7, 'window_size': 32, 'w_tp': 1.5059568044272391, 'w_fn': 1.2363389637584432, 'w_fp': 0.8223157441371333, 'cql_alpha': 1.0147422176801333, 'n_episodes_offline': 209, 'epochs': 18, 'behavior_epsilon': 0.30351052971181214}. Best is trial 3 with value: 0.011598746081504702.
C:\Users\MMASSAOUDI\AppData\Roaming\Python\Python313\site-packages\sklearn\linear_model\_logistic.py:406: ConvergenceWarning: lbfgs failed to converge after 200 iteration(s) (status=1):
STOP: TOTAL NO. OF ITERATIONS REACHED LIMIT

Increase the number of iterations to improve the convergence (max_iter=200).
You might also want to scale the data as shown in:
    https://scikit-learn.org/stable/modules/preprocessing.html
Please also refer to the documentation for alternative solver options:
    https://scikit-learn.org/stable/modules/linear_model.html#logistic-regression
  n_iter_i = _check_optimize_result(
[I 2026-07-28 21:05:13,851] Trial 4 finished with value: 0.2722486408207743 and parameters: {'n_updates': 45, 'episodes_per_update': 5, 'telemetry_budget': 5, 'window_size': 64, 'w_tp': 1.1994661592844595, 'w_fn': 1.3554895720056095, 'w_fp': 0.8974239591137994, 'cql_alpha': 0.4200879093764849, 'n_episodes_offline': 297, 'epochs': 10, 'behavior_epsilon': 0.21880382658801872}. Best is trial 4 with value: 0.2722486408207743.
C:\Users\MMASSAOUDI\AppData\Roaming\Python\Python313\site-packages\sklearn\linear_model\_logistic.py:406: ConvergenceWarning: lbfgs failed to converge after 200 iteration(s) (status=1):
STOP: TOTAL NO. OF ITERATIONS REACHED LIMIT

Increase the number of iterations to improve the convergence (max_iter=200).
You might also want to scale the data as shown in:
    https://scikit-learn.org/stable/modules/preprocessing.html
Please also refer to the documentation for alternative solver options:
    https://scikit-learn.org/stable/modules/linear_model.html#logistic-regression
  n_iter_i = _check_optimize_result(
[I 2026-07-28 21:05:39,640] Trial 5 finished with value: 0.00042315504400812455 and parameters: {'n_updates': 26, 'episodes_per_update': 14, 'telemetry_budget': 4, 'window_size': 128, 'w_tp': 1.2029768024715524, 'w_fn': 3.91866380866618, 'w_fp': 2.012113799362615, 'cql_alpha': 2.243864380255075, 'n_episodes_offline': 111, 'epochs': 13, 'behavior_epsilon': 0.1920687964246091}. Best is trial 4 with value: 0.2722486408207743.
C:\Users\MMASSAOUDI\AppData\Roaming\Python\Python313\site-packages\sklearn\linear_model\_logistic.py:406: ConvergenceWarning: lbfgs failed to converge after 200 iteration(s) (status=1):
STOP: TOTAL NO. OF ITERATIONS REACHED LIMIT

Increase the number of iterations to improve the convergence (max_iter=200).
You might also want to scale the data as shown in:
    https://scikit-learn.org/stable/modules/preprocessing.html
Please also refer to the documentation for alternative solver options:
    https://scikit-learn.org/stable/modules/linear_model.html#logistic-regression
  n_iter_i = _check_optimize_result(
[I 2026-07-28 21:06:46,050] Trial 6 finished with value: 0.0 and parameters: {'n_updates': 24, 'episodes_per_update': 5, 'telemetry_budget': 6, 'window_size': 128, 'w_tp': 1.3499021813098628, 'w_fn': 1.428863218288059, 'w_fp': 1.8081201336667492, 'cql_alpha': 0.3724274811994809, 'n_episodes_offline': 273, 'epochs': 24, 'behavior_epsilon': 0.26149913335796326}. Best is trial 4 with value: 0.2722486408207743.
C:\Users\MMASSAOUDI\AppData\Roaming\Python\Python313\site-packages\sklearn\linear_model\_logistic.py:406: ConvergenceWarning: lbfgs failed to converge after 200 iteration(s) (status=1):
STOP: TOTAL NO. OF ITERATIONS REACHED LIMIT

Increase the number of iterations to improve the convergence (max_iter=200).
You might also want to scale the data as shown in:
    https://scikit-learn.org/stable/modules/preprocessing.html
Please also refer to the documentation for alternative solver options:
    https://scikit-learn.org/stable/modules/linear_model.html#logistic-regression
  n_iter_i = _check_optimize_result(
[I 2026-07-28 21:07:32,959] Trial 7 finished with value: 0.0 and parameters: {'n_updates': 35, 'episodes_per_update': 5, 'telemetry_budget': 10, 'window_size': 128, 'w_tp': 0.5301613192812403, 'w_fn': 3.401290102260771, 'w_fp': 0.5117386904813677, 'cql_alpha': 2.0656679567090674, 'n_episodes_offline': 181, 'epochs': 21, 'behavior_epsilon': 0.4867659907911034}. Best is trial 4 with value: 0.2722486408207743.
C:\Users\MMASSAOUDI\AppData\Roaming\Python\Python313\site-packages\sklearn\linear_model\_logistic.py:406: ConvergenceWarning: lbfgs failed to converge after 200 iteration(s) (status=1):
STOP: TOTAL NO. OF ITERATIONS REACHED LIMIT

Increase the number of iterations to improve the convergence (max_iter=200).
You might also want to scale the data as shown in:
    https://scikit-learn.org/stable/modules/preprocessing.html
Please also refer to the documentation for alternative solver options:
    https://scikit-learn.org/stable/modules/linear_model.html#logistic-regression
  n_iter_i = _check_optimize_result(
[I 2026-07-28 21:08:47,526] Trial 8 finished with value: 0.0 and parameters: {'n_updates': 22, 'episodes_per_update': 11, 'telemetry_budget': 9, 'window_size': 128, 'w_tp': 1.170688067926441, 'w_fn': 3.4624303536489474, 'w_fp': 2.2486981882937607, 'cql_alpha': 0.9625671574798875, 'n_episodes_offline': 344, 'epochs': 15, 'behavior_epsilon': 0.4583861189889066}. Best is trial 4 with value: 0.2722486408207743.
C:\Users\MMASSAOUDI\AppData\Roaming\Python\Python313\site-packages\sklearn\linear_model\_logistic.py:406: ConvergenceWarning: lbfgs failed to converge after 200 iteration(s) (status=1):
STOP: TOTAL NO. OF ITERATIONS REACHED LIMIT

Increase the number of iterations to improve the convergence (max_iter=200).
You might also want to scale the data as shown in:
    https://scikit-learn.org/stable/modules/preprocessing.html
Please also refer to the documentation for alternative solver options:
    https://scikit-learn.org/stable/modules/linear_model.html#logistic-regression
  n_iter_i = _check_optimize_result(
[I 2026-07-28 21:09:35,982] Trial 9 finished with value: 0.01220529038032549 and parameters: {'n_updates': 33, 'episodes_per_update': 15, 'telemetry_budget': 10, 'window_size': 128, 'w_tp': 1.4659852988444562, 'w_fn': 1.9834926699536288, 'w_fp': 2.015983035319811, 'cql_alpha': 0.15566027509706723, 'n_episodes_offline': 190, 'epochs': 19, 'behavior_epsilon': 0.2515271625236554}. Best is trial 4 with value: 0.2722486408207743.
C:\Users\MMASSAOUDI\AppData\Roaming\Python\Python313\site-packages\sklearn\linear_model\_logistic.py:406: ConvergenceWarning: lbfgs failed to converge after 200 iteration(s) (status=1):
STOP: TOTAL NO. OF ITERATIONS REACHED LIMIT

Increase the number of iterations to improve the convergence (max_iter=200).
You might also want to scale the data as shown in:
    https://scikit-learn.org/stable/modules/preprocessing.html
Please also refer to the documentation for alternative solver options:
    https://scikit-learn.org/stable/modules/linear_model.html#logistic-regression
  n_iter_i = _check_optimize_result(
[I 2026-07-28 21:10:15,092] Trial 10 finished with value: 0.0029992260061919504 and parameters: {'n_updates': 15, 'episodes_per_update': 8, 'telemetry_budget': 12, 'window_size': 64, 'w_tp': 0.5415840398719531, 'w_fn': 0.543175171670608, 'w_fp': 1.3391746203044186, 'cql_alpha': 2.8725720029163764, 'n_episodes_offline': 398, 'epochs': 9, 'behavior_epsilon': 0.15250525709463367}. Best is trial 4 with value: 0.2722486408207743.
C:\Users\MMASSAOUDI\AppData\Roaming\Python\Python313\site-packages\sklearn\linear_model\_logistic.py:406: ConvergenceWarning: lbfgs failed to converge after 200 iteration(s) (status=1):
STOP: TOTAL NO. OF ITERATIONS REACHED LIMIT

Increase the number of iterations to improve the convergence (max_iter=200).
You might also want to scale the data as shown in:
    https://scikit-learn.org/stable/modules/preprocessing.html
Please also refer to the documentation for alternative solver options:
    https://scikit-learn.org/stable/modules/linear_model.html#logistic-regression
  n_iter_i = _check_optimize_result(
[I 2026-07-28 21:10:52,705] Trial 11 finished with value: 0.6669616808138225 and parameters: {'n_updates': 45, 'episodes_per_update': 9, 'telemetry_budget': 12, 'window_size': 64, 'w_tp': 1.6238394548813744, 'w_fn': 2.1132311033675046, 'w_fp': 1.3636420264927511, 'cql_alpha': 0.21185772489105917, 'n_episodes_offline': 192, 'epochs': 12, 'behavior_epsilon': 0.21906765468720185}. Best is trial 11 with value: 0.6669616808138225.
C:\Users\MMASSAOUDI\AppData\Roaming\Python\Python313\site-packages\sklearn\linear_model\_logistic.py:406: ConvergenceWarning: lbfgs failed to converge after 200 iteration(s) (status=1):
STOP: TOTAL NO. OF ITERATIONS REACHED LIMIT

Increase the number of iterations to improve the convergence (max_iter=200).
You might also want to scale the data as shown in:
    https://scikit-learn.org/stable/modules/preprocessing.html
Please also refer to the documentation for alternative solver options:
    https://scikit-learn.org/stable/modules/linear_model.html#logistic-regression
  n_iter_i = _check_optimize_result(
[I 2026-07-28 21:11:09,198] Trial 12 finished with value: 0.33351048411964246 and parameters: {'n_updates': 45, 'episodes_per_update': 8, 'telemetry_budget': 12, 'window_size': 64, 'w_tp': 1.9723747236664066, 'w_fn': 2.4149535731082956, 'w_fp': 1.207635835770645, 'cql_alpha': 0.5867523109375027, 'n_episodes_offline': 105, 'epochs': 12, 'behavior_epsilon': 0.2181358470520333}. Best is trial 11 with value: 0.6669616808138225.
C:\Users\MMASSAOUDI\AppData\Roaming\Python\Python313\site-packages\sklearn\linear_model\_logistic.py:406: ConvergenceWarning: lbfgs failed to converge after 200 iteration(s) (status=1):
STOP: TOTAL NO. OF ITERATIONS REACHED LIMIT

Increase the number of iterations to improve the convergence (max_iter=200).
You might also want to scale the data as shown in:
    https://scikit-learn.org/stable/modules/preprocessing.html
Please also refer to the documentation for alternative solver options:
    https://scikit-learn.org/stable/modules/linear_model.html#logistic-regression
  n_iter_i = _check_optimize_result(
[I 2026-07-28 21:11:26,182] Trial 13 finished with value: 0.0053779963122311 and parameters: {'n_updates': 40, 'episodes_per_update': 9, 'telemetry_budget': 12, 'window_size': 64, 'w_tp': 1.9822496182902247, 'w_fn': 2.6391464340352586, 'w_fp': 1.4031706553430419, 'cql_alpha': 0.5922273216373665, 'n_episodes_offline': 107, 'epochs': 12, 'behavior_epsilon': 0.1665075330774522}. Best is trial 11 with value: 0.6669616808138225.
C:\Users\MMASSAOUDI\AppData\Roaming\Python\Python313\site-packages\sklearn\linear_model\_logistic.py:406: ConvergenceWarning: lbfgs failed to converge after 200 iteration(s) (status=1):
STOP: TOTAL NO. OF ITERATIONS REACHED LIMIT

Increase the number of iterations to improve the convergence (max_iter=200).
You might also want to scale the data as shown in:
    https://scikit-learn.org/stable/modules/preprocessing.html
Please also refer to the documentation for alternative solver options:
    https://scikit-learn.org/stable/modules/linear_model.html#logistic-regression
  n_iter_i = _check_optimize_result(
[I 2026-07-28 21:11:46,899] Trial 14 finished with value: 0.0 and parameters: {'n_updates': 40, 'episodes_per_update': 10, 'telemetry_budget': 11, 'window_size': 64, 'w_tp': 1.7458558726030033, 'w_fn': 2.6644673039551607, 'w_fp': 1.4040562292889125, 'cql_alpha': 0.7110209006794321, 'n_episodes_offline': 148, 'epochs': 13, 'behavior_epsilon': 0.233193257131551}. Best is trial 11 with value: 0.6669616808138225.
C:\Users\MMASSAOUDI\AppData\Roaming\Python\Python313\site-packages\sklearn\linear_model\_logistic.py:406: ConvergenceWarning: lbfgs failed to converge after 200 iteration(s) (status=1):
STOP: TOTAL NO. OF ITERATIONS REACHED LIMIT

Increase the number of iterations to improve the convergence (max_iter=200).
You might also want to scale the data as shown in:
    https://scikit-learn.org/stable/modules/preprocessing.html
Please also refer to the documentation for alternative solver options:
    https://scikit-learn.org/stable/modules/linear_model.html#logistic-regression
  n_iter_i = _check_optimize_result(
[I 2026-07-28 21:12:09,889] Trial 15 finished with value: 0.3443529771967218 and parameters: {'n_updates': 45, 'episodes_per_update': 7, 'telemetry_budget': 12, 'window_size': 32, 'w_tp': 1.7247911044252922, 'w_fn': 2.0776816793272164, 'w_fp': 1.1144229083816286, 'cql_alpha': 0.2138796356626238, 'n_episodes_offline': 228, 'epochs': 8, 'behavior_epsilon': 0.295721798785699}. Best is trial 11 with value: 0.6669616808138225.
C:\Users\MMASSAOUDI\AppData\Roaming\Python\Python313\site-packages\sklearn\linear_model\_logistic.py:406: ConvergenceWarning: lbfgs failed to converge after 200 iteration(s) (status=1):
STOP: TOTAL NO. OF ITERATIONS REACHED LIMIT

Increase the number of iterations to improve the convergence (max_iter=200).
You might also want to scale the data as shown in:
    https://scikit-learn.org/stable/modules/preprocessing.html
Please also refer to the documentation for alternative solver options:
    https://scikit-learn.org/stable/modules/linear_model.html#logistic-regression
  n_iter_i = _check_optimize_result(
[I 2026-07-28 21:12:33,146] Trial 16 finished with value: 0.34676420762079774 and parameters: {'n_updates': 39, 'episodes_per_update': 12, 'telemetry_budget': 11, 'window_size': 32, 'w_tp': 1.661308300831837, 'w_fn': 1.8470323341902184, 'w_fp': 1.661493954514236, 'cql_alpha': 0.1768469246760458, 'n_episodes_offline': 234, 'epochs': 8, 'behavior_epsilon': 0.31178647999834425}. Best is trial 11 with value: 0.6669616808138225.
C:\Users\MMASSAOUDI\AppData\Roaming\Python\Python313\site-packages\sklearn\linear_model\_logistic.py:406: ConvergenceWarning: lbfgs failed to converge after 200 iteration(s) (status=1):
STOP: TOTAL NO. OF ITERATIONS REACHED LIMIT

Increase the number of iterations to improve the convergence (max_iter=200).
You might also want to scale the data as shown in:
    https://scikit-learn.org/stable/modules/preprocessing.html
Please also refer to the documentation for alternative solver options:
    https://scikit-learn.org/stable/modules/linear_model.html#logistic-regression
  n_iter_i = _check_optimize_result(
[I 2026-07-28 21:12:52,031] Trial 17 finished with value: 0.0 and parameters: {'n_updates': 39, 'episodes_per_update': 12, 'telemetry_budget': 10, 'window_size': 32, 'w_tp': 0.83204879633099, 'w_fn': 1.8400284809610943, 'w_fp': 1.6860908578905307, 'cql_alpha': 0.18794733158042948, 'n_episodes_offline': 243, 'epochs': 15, 'behavior_epsilon': 0.4049401101601239}. Best is trial 11 with value: 0.6669616808138225.
C:\Users\MMASSAOUDI\AppData\Roaming\Python\Python313\site-packages\sklearn\linear_model\_logistic.py:406: ConvergenceWarning: lbfgs failed to converge after 200 iteration(s) (status=1):
STOP: TOTAL NO. OF ITERATIONS REACHED LIMIT

Increase the number of iterations to improve the convergence (max_iter=200).
You might also want to scale the data as shown in:
    https://scikit-learn.org/stable/modules/preprocessing.html
Please also refer to the documentation for alternative solver options:
    https://scikit-learn.org/stable/modules/linear_model.html#logistic-regression
  n_iter_i = _check_optimize_result(
[I 2026-07-28 21:13:05,285] Trial 18 finished with value: 0.0 and parameters: {'n_updates': 29, 'episodes_per_update': 11, 'telemetry_budget': 11, 'window_size': 32, 'w_tp': 1.5497492545384368, 'w_fn': 0.7318468704015151, 'w_fp': 1.77150080652067, 'cql_alpha': 0.8594103598701544, 'n_episodes_offline': 154, 'epochs': 8, 'behavior_epsilon': 0.30318330754536515}. Best is trial 11 with value: 0.6669616808138225.
C:\Users\MMASSAOUDI\AppData\Roaming\Python\Python313\site-packages\sklearn\linear_model\_logistic.py:406: ConvergenceWarning: lbfgs failed to converge after 200 iteration(s) (status=1):
STOP: TOTAL NO. OF ITERATIONS REACHED LIMIT

Increase the number of iterations to improve the convergence (max_iter=200).
You might also want to scale the data as shown in:
    https://scikit-learn.org/stable/modules/preprocessing.html
Please also refer to the documentation for alternative solver options:
    https://scikit-learn.org/stable/modules/linear_model.html#logistic-regression
  n_iter_i = _check_optimize_result(
[I 2026-07-28 21:13:22,651] Trial 19 finished with value: 0.0 and parameters: {'n_updates': 37, 'episodes_per_update': 13, 'telemetry_budget': 11, 'window_size': 32, 'w_tp': 1.6876788471490478, 'w_fn': 2.9907452422749476, 'w_fp': 1.5535857041147765, 'cql_alpha': 1.483890893821637, 'n_episodes_offline': 246, 'epochs': 11, 'behavior_epsilon': 0.3399225286684061}. Best is trial 11 with value: 0.6669616808138225.
Best value: 0.6669616808138225
Best params: {'n_updates': 45, 'episodes_per_update': 9, 'telemetry_budget': 12, 'window_size': 64, 'w_tp': 1.6238394548813744, 'w_fn': 2.1132311033675046, 'w_fp': 1.3636420264927511, 'cql_alpha': 0.21185772489105917, 'n_episodes_offline': 192, 'epochs': 12, 'behavior_epsilon': 0.21906765468720185}
Saved -> C:\Users\MMASSAOUDI\Desktop\research work\Alienware\Innovative paper 2\manifests\tuning_log_C3_OfflineSafeGraphRL_UNSW-NB15.json
