[I 2026-07-28 21:16:25,675] A new study created in memory with name: no-name-3aea353a-d130-47b1-8f9d-5d94ebfb0129
C:\Users\MMASSAOUDI\AppData\Roaming\Python\Python313\site-packages\sklearn\linear_model\_logistic.py:406: ConvergenceWarning: lbfgs failed to converge after 200 iteration(s) (status=1):
STOP: TOTAL NO. OF ITERATIONS REACHED LIMIT

Increase the number of iterations to improve the convergence (max_iter=200).
You might also want to scale the data as shown in:
    https://scikit-learn.org/stable/modules/preprocessing.html
Please also refer to the documentation for alternative solver options:
    https://scikit-learn.org/stable/modules/linear_model.html#logistic-regression
  n_iter_i = _check_optimize_result(
[I 2026-07-28 21:18:06,339] Trial 0 finished with value: 0.0 and parameters: {'n_updates': 32, 'episodes_per_update': 13, 'telemetry_budget': 9, 'window_size': 128, 'w_tp': 1.1563808168940388, 'w_fn': 3.621205502737279, 'w_fp': 2.9091569012525733, 'cql_alpha': 1.2119804045947553, 'n_episodes_offline': 338, 'epochs': 17, 'behavior_epsilon': 0.3488155963828763}. Best is trial 0 with value: 0.0.
C:\Users\MMASSAOUDI\AppData\Roaming\Python\Python313\site-packages\sklearn\linear_model\_logistic.py:406: ConvergenceWarning: lbfgs failed to converge after 200 iteration(s) (status=1):
STOP: TOTAL NO. OF ITERATIONS REACHED LIMIT

Increase the number of iterations to improve the convergence (max_iter=200).
You might also want to scale the data as shown in:
    https://scikit-learn.org/stable/modules/preprocessing.html
Please also refer to the documentation for alternative solver options:
    https://scikit-learn.org/stable/modules/linear_model.html#logistic-regression
  n_iter_i = _check_optimize_result(
[I 2026-07-28 21:18:58,403] Trial 1 finished with value: 0.0 and parameters: {'n_updates': 43, 'episodes_per_update': 4, 'telemetry_budget': 4, 'window_size': 64, 'w_tp': 1.8050182223702287, 'w_fn': 3.925164197814674, 'w_fp': 2.497896410541809, 'cql_alpha': 1.4382901505335024, 'n_episodes_offline': 334, 'epochs': 10, 'behavior_epsilon': 0.3739723574646333}. Best is trial 0 with value: 0.0.
C:\Users\MMASSAOUDI\AppData\Roaming\Python\Python313\site-packages\sklearn\linear_model\_logistic.py:406: ConvergenceWarning: lbfgs failed to converge after 200 iteration(s) (status=1):
STOP: TOTAL NO. OF ITERATIONS REACHED LIMIT

Increase the number of iterations to improve the convergence (max_iter=200).
You might also want to scale the data as shown in:
    https://scikit-learn.org/stable/modules/preprocessing.html
Please also refer to the documentation for alternative solver options:
    https://scikit-learn.org/stable/modules/linear_model.html#logistic-regression
  n_iter_i = _check_optimize_result(
[I 2026-07-28 21:20:40,510] Trial 2 finished with value: 0.0 and parameters: {'n_updates': 19, 'episodes_per_update': 16, 'telemetry_budget': 8, 'window_size': 128, 'w_tp': 1.1842254983248228, 'w_fn': 2.48951882104027, 'w_fp': 0.5469745010908879, 'cql_alpha': 1.8911429415200436, 'n_episodes_offline': 284, 'epochs': 19, 'behavior_epsilon': 0.48031182748011847}. Best is trial 0 with value: 0.0.
C:\Users\MMASSAOUDI\AppData\Roaming\Python\Python313\site-packages\sklearn\linear_model\_logistic.py:406: ConvergenceWarning: lbfgs failed to converge after 200 iteration(s) (status=1):
STOP: TOTAL NO. OF ITERATIONS REACHED LIMIT

Increase the number of iterations to improve the convergence (max_iter=200).
You might also want to scale the data as shown in:
    https://scikit-learn.org/stable/modules/preprocessing.html
Please also refer to the documentation for alternative solver options:
    https://scikit-learn.org/stable/modules/linear_model.html#logistic-regression
  n_iter_i = _check_optimize_result(
[I 2026-07-28 21:21:05,819] Trial 3 finished with value: 0.0 and parameters: {'n_updates': 36, 'episodes_per_update': 8, 'telemetry_budget': 7, 'window_size': 32, 'w_tp': 1.5059568044272391, 'w_fn': 1.2363389637584432, 'w_fp': 0.8223157441371333, 'cql_alpha': 1.0147422176801333, 'n_episodes_offline': 209, 'epochs': 18, 'behavior_epsilon': 0.30351052971181214}. Best is trial 0 with value: 0.0.
C:\Users\MMASSAOUDI\AppData\Roaming\Python\Python313\site-packages\sklearn\linear_model\_logistic.py:406: ConvergenceWarning: lbfgs failed to converge after 200 iteration(s) (status=1):
STOP: TOTAL NO. OF ITERATIONS REACHED LIMIT

Increase the number of iterations to improve the convergence (max_iter=200).
You might also want to scale the data as shown in:
    https://scikit-learn.org/stable/modules/preprocessing.html
Please also refer to the documentation for alternative solver options:
    https://scikit-learn.org/stable/modules/linear_model.html#logistic-regression
  n_iter_i = _check_optimize_result(
[I 2026-07-28 21:21:50,828] Trial 4 finished with value: 0.0 and parameters: {'n_updates': 45, 'episodes_per_update': 5, 'telemetry_budget': 5, 'window_size': 64, 'w_tp': 1.1994661592844595, 'w_fn': 1.3554895720056095, 'w_fp': 0.8974239591137994, 'cql_alpha': 0.4200879093764849, 'n_episodes_offline': 297, 'epochs': 10, 'behavior_epsilon': 0.21880382658801872}. Best is trial 0 with value: 0.0.
C:\Users\MMASSAOUDI\AppData\Roaming\Python\Python313\site-packages\sklearn\linear_model\_logistic.py:406: ConvergenceWarning: lbfgs failed to converge after 200 iteration(s) (status=1):
STOP: TOTAL NO. OF ITERATIONS REACHED LIMIT

Increase the number of iterations to improve the convergence (max_iter=200).
You might also want to scale the data as shown in:
    https://scikit-learn.org/stable/modules/preprocessing.html
Please also refer to the documentation for alternative solver options:
    https://scikit-learn.org/stable/modules/linear_model.html#logistic-regression
  n_iter_i = _check_optimize_result(
[I 2026-07-28 21:22:28,879] Trial 5 finished with value: 0.0 and parameters: {'n_updates': 26, 'episodes_per_update': 14, 'telemetry_budget': 4, 'window_size': 128, 'w_tp': 1.2029768024715524, 'w_fn': 3.91866380866618, 'w_fp': 2.012113799362615, 'cql_alpha': 2.243864380255075, 'n_episodes_offline': 111, 'epochs': 13, 'behavior_epsilon': 0.1920687964246091}. Best is trial 0 with value: 0.0.
C:\Users\MMASSAOUDI\AppData\Roaming\Python\Python313\site-packages\sklearn\linear_model\_logistic.py:406: ConvergenceWarning: lbfgs failed to converge after 200 iteration(s) (status=1):
STOP: TOTAL NO. OF ITERATIONS REACHED LIMIT

Increase the number of iterations to improve the convergence (max_iter=200).
You might also want to scale the data as shown in:
    https://scikit-learn.org/stable/modules/preprocessing.html
Please also refer to the documentation for alternative solver options:
    https://scikit-learn.org/stable/modules/linear_model.html#logistic-regression
  n_iter_i = _check_optimize_result(
[I 2026-07-28 21:24:09,781] Trial 6 finished with value: 0.0 and parameters: {'n_updates': 24, 'episodes_per_update': 5, 'telemetry_budget': 6, 'window_size': 128, 'w_tp': 1.3499021813098628, 'w_fn': 1.428863218288059, 'w_fp': 1.8081201336667492, 'cql_alpha': 0.3724274811994809, 'n_episodes_offline': 273, 'epochs': 24, 'behavior_epsilon': 0.26149913335796326}. Best is trial 0 with value: 0.0.
C:\Users\MMASSAOUDI\AppData\Roaming\Python\Python313\site-packages\sklearn\linear_model\_logistic.py:406: ConvergenceWarning: lbfgs failed to converge after 200 iteration(s) (status=1):
STOP: TOTAL NO. OF ITERATIONS REACHED LIMIT

Increase the number of iterations to improve the convergence (max_iter=200).
You might also want to scale the data as shown in:
    https://scikit-learn.org/stable/modules/preprocessing.html
Please also refer to the documentation for alternative solver options:
    https://scikit-learn.org/stable/modules/linear_model.html#logistic-regression
  n_iter_i = _check_optimize_result(
[I 2026-07-28 21:25:20,289] Trial 7 finished with value: 0.0 and parameters: {'n_updates': 35, 'episodes_per_update': 5, 'telemetry_budget': 10, 'window_size': 128, 'w_tp': 0.5301613192812403, 'w_fn': 3.401290102260771, 'w_fp': 0.5117386904813677, 'cql_alpha': 2.0656679567090674, 'n_episodes_offline': 181, 'epochs': 21, 'behavior_epsilon': 0.4867659907911034}. Best is trial 0 with value: 0.0.
C:\Users\MMASSAOUDI\AppData\Roaming\Python\Python313\site-packages\sklearn\linear_model\_logistic.py:406: ConvergenceWarning: lbfgs failed to converge after 200 iteration(s) (status=1):
STOP: TOTAL NO. OF ITERATIONS REACHED LIMIT

Increase the number of iterations to improve the convergence (max_iter=200).
You might also want to scale the data as shown in:
    https://scikit-learn.org/stable/modules/preprocessing.html
Please also refer to the documentation for alternative solver options:
    https://scikit-learn.org/stable/modules/linear_model.html#logistic-regression
  n_iter_i = _check_optimize_result(
[I 2026-07-28 21:27:11,371] Trial 8 finished with value: 0.0 and parameters: {'n_updates': 22, 'episodes_per_update': 11, 'telemetry_budget': 9, 'window_size': 128, 'w_tp': 1.170688067926441, 'w_fn': 3.4624303536489474, 'w_fp': 2.2486981882937607, 'cql_alpha': 0.9625671574798875, 'n_episodes_offline': 344, 'epochs': 15, 'behavior_epsilon': 0.4583861189889066}. Best is trial 0 with value: 0.0.
C:\Users\MMASSAOUDI\AppData\Roaming\Python\Python313\site-packages\sklearn\linear_model\_logistic.py:406: ConvergenceWarning: lbfgs failed to converge after 200 iteration(s) (status=1):
STOP: TOTAL NO. OF ITERATIONS REACHED LIMIT

Increase the number of iterations to improve the convergence (max_iter=200).
You might also want to scale the data as shown in:
    https://scikit-learn.org/stable/modules/preprocessing.html
Please also refer to the documentation for alternative solver options:
    https://scikit-learn.org/stable/modules/linear_model.html#logistic-regression
  n_iter_i = _check_optimize_result(
[I 2026-07-28 21:28:19,002] Trial 9 finished with value: 0.0 and parameters: {'n_updates': 33, 'episodes_per_update': 15, 'telemetry_budget': 10, 'window_size': 128, 'w_tp': 1.4659852988444562, 'w_fn': 1.9834926699536288, 'w_fp': 2.015983035319811, 'cql_alpha': 0.15566027509706723, 'n_episodes_offline': 190, 'epochs': 19, 'behavior_epsilon': 0.2515271625236554}. Best is trial 0 with value: 0.0.
C:\Users\MMASSAOUDI\AppData\Roaming\Python\Python313\site-packages\sklearn\linear_model\_logistic.py:406: ConvergenceWarning: lbfgs failed to converge after 200 iteration(s) (status=1):
STOP: TOTAL NO. OF ITERATIONS REACHED LIMIT

Increase the number of iterations to improve the convergence (max_iter=200).
You might also want to scale the data as shown in:
    https://scikit-learn.org/stable/modules/preprocessing.html
Please also refer to the documentation for alternative solver options:
    https://scikit-learn.org/stable/modules/linear_model.html#logistic-regression
  n_iter_i = _check_optimize_result(
[I 2026-07-28 21:29:00,647] Trial 10 finished with value: 0.0 and parameters: {'n_updates': 15, 'episodes_per_update': 12, 'telemetry_budget': 12, 'window_size': 32, 'w_tp': 0.5415840398719531, 'w_fn': 0.5658346881409257, 'w_fp': 1.3569850638485401, 'cql_alpha': 2.8725720029163764, 'n_episodes_offline': 398, 'epochs': 25, 'behavior_epsilon': 0.37038288361340155}. Best is trial 0 with value: 0.0.
C:\Users\MMASSAOUDI\AppData\Roaming\Python\Python313\site-packages\sklearn\linear_model\_logistic.py:406: ConvergenceWarning: lbfgs failed to converge after 200 iteration(s) (status=1):
STOP: TOTAL NO. OF ITERATIONS REACHED LIMIT

Increase the number of iterations to improve the convergence (max_iter=200).
You might also want to scale the data as shown in:
    https://scikit-learn.org/stable/modules/preprocessing.html
Please also refer to the documentation for alternative solver options:
    https://scikit-learn.org/stable/modules/linear_model.html#logistic-regression
  n_iter_i = _check_optimize_result(
[I 2026-07-28 21:29:53,206] Trial 11 finished with value: 0.0 and parameters: {'n_updates': 45, 'episodes_per_update': 9, 'telemetry_budget': 12, 'window_size': 64, 'w_tp': 1.9775451510899325, 'w_fn': 3.0337227310208945, 'w_fp': 2.9326743404738194, 'cql_alpha': 1.4062233092053076, 'n_episodes_offline': 365, 'epochs': 8, 'behavior_epsilon': 0.3715409083971135}. Best is trial 0 with value: 0.0.
C:\Users\MMASSAOUDI\AppData\Roaming\Python\Python313\site-packages\sklearn\linear_model\_logistic.py:406: ConvergenceWarning: lbfgs failed to converge after 200 iteration(s) (status=1):
STOP: TOTAL NO. OF ITERATIONS REACHED LIMIT

Increase the number of iterations to improve the convergence (max_iter=200).
You might also want to scale the data as shown in:
    https://scikit-learn.org/stable/modules/preprocessing.html
Please also refer to the documentation for alternative solver options:
    https://scikit-learn.org/stable/modules/linear_model.html#logistic-regression
  n_iter_i = _check_optimize_result(
